<?xml version='1.0' encoding='UTF-8' ?>
<testsuite name="com.weatherapp.activities.MainActivityTest" tests="1" failures="1" errors="0" skipped="0" time="12.231" timestamp="2022-06-01T23:34:51" hostname="localhost">
  <properties>
    <property name="device" value="Nexus_6P_API_32(AVD) - 12" />
    <property name="flavor" value="" />
    <property name="project" value=":app" />
  </properties>
  <testcase name="should_display_Globe_when_permissionsAreDenied" classname="com.weatherapp.activities.MainActivityTest" time="10.384">
    <failure>androidx.test.espresso.NoMatchingViewException: No views in hierarchy found matching: an instance of android.widget.TextView and view.getText() with or without transformation to match: is "US"

View Hierarchy:
+&gt;DecorView{id=-1, visibility=VISIBLE, width=1440, height=2560, has-focus=false, has-focusable=true, has-window-focus=true, is-clickable=false, is-enabled=true, is-focused=false, is-focusable=false, is-layout-requested=false, is-selected=false, layout-params={(0,0)(fillxfill) ty=BASE_APPLICATION wanim=0x10302fe
fl=LAYOUT_IN_SCREEN LAYOUT_INSET_DECOR SPLIT_TOUCH HARDWARE_ACCELERATED DRAWS_SYSTEM_BAR_BACKGROUNDS
pfl=NO_MOVE_ANIMATION FORCE_DRAW_STATUS_BAR_BACKGROUND FIT_INSETS_CONTROLLED
bhv=DEFAULT
fitSides=}, tag=null, root-is-layout-requested=false, has-input-connection=false, x=0.0, y=0.0, child-count=3}
|
+-&gt;LinearLayout{id=-1, visibility=VISIBLE, width=1440, height=2504, has-focus=false, has-focusable=true, has-window-focus=true, is-clickable=false, is-enabled=true, is-focused=false, is-focusable=false, is-layout-requested=false, is-selected=false, layout-params=android.widget.FrameLayout$LayoutParams&#64;c6727e1, tag=null, root-is-layout-requested=false, has-input-connection=false, x=0.0, y=0.0, child-count=2}
|
+--&gt;ViewStub{id=16908723, res-name=action_mode_bar_stub, visibility=GONE, width=0, height=0, has-focus=false, has-focusable=false, has-window-focus=true, is-clickable=false, is-enabled=true, is-focused=false, is-focusable=false, is-layout-requested=true, is-selected=false, layout-params=android.widget.LinearLayout$LayoutParams&#64;f18b906, tag=null, root-is-layout-requested=false, has-input-connection=false, x=0.0, y=0.0}
|
+--&gt;FrameLayout{id=-1, visibility=VISIBLE, width=1440, height=2420, has-focus=false, has-focusable=true, has-window-focus=true, is-clickable=false, is-enabled=true, is-focused=false, is-focusable=false, is-layout-requested=false, is-selected=false, layout-params=android.widget.LinearLayout$LayoutParams&#64;68acbc7, tag=null, root-is-layout-requested=false, has-input-connection=false, x=0.0, y=84.0, child-count=1}
|
+---&gt;ActionBarOverlayLayout{id=2131230870, res-name=decor_content_parent, visibility=VISIBLE, width=1440, height=2420, has-focus=false, has-focusable=true, has-window-focus=true, is-clickable=false, is-enabled=true, is-focused=false, is-focusable=false, is-layout-requested=false, is-selected=false, layout-params=android.widget.FrameLayout$LayoutParams&#64;61995f4, tag=null, root-is-layout-requested=false, has-input-connection=false, x=0.0, y=0.0, child-count=2}
|
+----&gt;ContentFrameLayout{id=16908290, res-name=content, visibility=VISIBLE, width=1440, height=2224, has-focus=false, has-focusable=true, has-window-focus=true, is-clickable=false, is-enabled=true, is-focused=false, is-focusable=false, is-layout-requested=false, is-selected=false, layout-params=androidx.appcompat.widget.ActionBarOverlayLayout$LayoutParams&#64;34d611d, tag=null, root-is-layout-requested=false, has-input-connection=false, x=0.0, y=196.0, child-count=1}
|
+-----&gt;LinearLayout{id=2131230983, res-name=main_layout, visibility=VISIBLE, width=1440, height=2224, has-focus=false, has-focusable=true, has-window-focus=true, is-clickable=false, is-enabled=true, is-focused=false, is-focusable=false, is-layout-requested=false, is-selected=false, layout-params=android.widget.FrameLayout$LayoutParams&#64;4f75f92, tag=null, root-is-layout-requested=false, has-input-connection=false, x=0.0, y=0.0, child-count=5}
|
+------&gt;LinearLayout{id=-1, visibility=VISIBLE, width=1328, height=245, has-focus=false, has-focusable=false, has-window-focus=true, is-clickable=false, is-enabled=true, is-focused=false, is-focusable=false, is-layout-requested=false, is-selected=false, layout-params=android.widget.LinearLayout$LayoutParams&#64;95e5d63, tag=null, root-is-layout-requested=false, has-input-connection=false, x=56.0, y=56.0, child-count=2}
|
+-------&gt;CardView{id=-1, visibility=VISIBLE, width=628, height=245, has-focus=false, has-focusable=false, has-window-focus=true, is-clickable=false, is-enabled=true, is-focused=false, is-focusable=false, is-layout-requested=false, is-selected=false, layout-params=android.widget.LinearLayout$LayoutParams&#64;b341d60, tag=null, root-is-layout-requested=false, has-input-connection=false, x=18.0, y=0.0, child-count=1}
|
+--------&gt;LinearLayout{id=-1, visibility=VISIBLE, width=628, height=245, has-focus=false, has-focusable=false, has-window-focus=true, is-clickable=false, is-enabled=true, is-focused=false, is-focusable=false, is-layout-requested=false, is-selected=false, layout-params=android.widget.FrameLayout$LayoutParams&#64;e63f219, tag=null, root-is-layout-requested=false, has-input-connection=false, x=0.0, y=0.0, child-count=2}
|
+---------&gt;AppCompatImageView{id=2131230965, res-name=iv_main, desc=image, visibility=VISIBLE, width=175, height=175, has-focus=false, has-focusable=false, has-window-focus=true, is-clickable=false, is-enabled=true, is-focused=false, is-focusable=false, is-layout-requested=false, is-selected=false, layout-params=android.widget.LinearLayout$LayoutParams&#64;ca7e2de, tag=null, root-is-layout-requested=false, has-input-connection=false, x=35.0, y=35.0}
|
+---------&gt;LinearLayout{id=-1, visibility=VISIBLE, width=348, height=161, has-focus=false, has-focusable=false, has-window-focus=true, is-clickable=false, is-enabled=true, is-focused=false, is-focusable=false, is-layout-requested=false, is-selected=false, layout-params=android.widget.LinearLayout$LayoutParams&#64;4f6cbf, tag=null, root-is-layout-requested=false, has-input-connection=false, x=245.0, y=42.0, child-count=2}
|
+----------&gt;AppCompatTextView{id=2131231206, res-name=tv_main, visibility=VISIBLE, width=348, height=85, has-focus=false, has-focusable=false, has-window-focus=true, is-clickable=false, is-enabled=true, is-focused=false, is-focusable=false, is-layout-requested=false, is-selected=false, layout-params=android.widget.LinearLayout$LayoutParams&#64;fadaf8c, tag=null, root-is-layout-requested=false, has-input-connection=false, x=0.0, y=0.0, text=Clouds, input-type=0, ime-target=false, has-links=false}
|
+----------&gt;AppCompatTextView{id=2131231207, res-name=tv_main_description, visibility=VISIBLE, width=348, height=76, has-focus=false, has-focusable=false, has-window-focus=true, is-clickable=false, is-enabled=true, is-focused=false, is-focusable=false, is-layout-requested=false, is-selected=false, layout-params=android.widget.LinearLayout$LayoutParams&#64;ab896d5, tag=null, root-is-layout-requested=false, has-input-connection=false, x=0.0, y=85.0, text=few clouds, input-type=0, ime-target=false, has-links=false}
|
+-------&gt;CardView{id=-1, visibility=VISIBLE, width=628, height=245, has-focus=false, has-focusable=false, has-window-focus=true, is-clickable=false, is-enabled=true, is-focused=false, is-focusable=false, is-layout-requested=false, is-selected=false, layout-params=android.widget.LinearLayout$LayoutParams&#64;c4b4eea, tag=null, root-is-layout-requested=false, has-input-connection=false, x=682.0, y=0.0, child-count=1}
|
+--------&gt;LinearLayout{id=-1, visibility=VISIBLE, width=628, height=245, has-focus=false, has-focusable=false, has-window-focus=true, is-clickable=false, is-enabled=true, is-focused=false, is-focusable=false, is-layout-requested=false, is-selected=false, layout-params=android.widget.FrameLayout$LayoutParams&#64;11815db, tag=null, root-is-layout-requested=false, has-input-connection=false, x=0.0, y=0.0, child-count=2}
|
+---------&gt;AppCompatImageView{id=2131230963, res-name=iv_humidity, desc=image, visibility=VISIBLE, width=175, height=175, has-focus=false, has-focusable=false, has-window-focus=true, is-clickable=false, is-enabled=true, is-focused=false, is-focusable=false, is-layout-requested=false, is-selected=false, layout-params=android.widget.LinearLayout$LayoutParams&#64;4c3878, tag=null, root-is-layout-requested=false, has-input-connection=false, x=35.0, y=35.0}
|
+---------&gt;LinearLayout{id=-1, visibility=VISIBLE, width=348, height=161, has-focus=false, has-focusable=false, has-window-focus=true, is-clickable=false, is-enabled=true, is-focused=false, is-focusable=false, is-layout-requested=false, is-selected=false, layout-params=android.widget.LinearLayout$LayoutParams&#64;e78cb51, tag=null, root-is-layout-requested=false, has-input-connection=false, x=245.0, y=42.0, child-count=2}
|
+----------&gt;AppCompatTextView{id=2131231215, res-name=tv_temp, visibility=VISIBLE, width=348, height=85, has-focus=false, has-focusable=false, has-window-focus=true, is-clickable=false, is-enabled=true, is-focused=false, is-focusable=false, is-layout-requested=false, is-selected=false, layout-params=android.widget.LinearLayout$LayoutParams&#64;9076fb6, tag=null, root-is-layout-requested=false, has-input-connection=false, x=0.0, y=0.0, text=29°C, input-type=0, ime-target=false, has-links=false}
|
+----------&gt;AppCompatTextView{id=2131231205, res-name=tv_humidity, visibility=VISIBLE, width=348, height=76, has-focus=false, has-focusable=false, has-window-focus=true, is-clickable=false, is-enabled=true, is-focused=false, is-focusable=false, is-layout-requested=false, is-selected=false, layout-params=android.widget.LinearLayout$LayoutParams&#64;8f834b7, tag=null, root-is-layout-requested=false, has-input-connection=false, x=0.0, y=85.0, text=66.0 per cent, input-type=0, ime-target=false, has-links=false}
|
+------&gt;LinearLayout{id=-1, visibility=VISIBLE, width=1328, height=245, has-focus=false, has-focusable=false, has-window-focus=true, is-clickable=false, is-enabled=true, is-focused=false, is-focusable=false, is-layout-requested=false, is-selected=false, layout-params=android.widget.LinearLayout$LayoutParams&#64;e486424, tag=null, root-is-layout-requested=false, has-input-connection=false, x=56.0, y=357.0, child-count=2}
|
+-------&gt;CardView{id=-1, visibility=VISIBLE, width=628, height=245, has-focus=false, has-focusable=false, has-window-focus=true, is-clickable=false, is-enabled=true, is-focused=false, is-focusable=false, is-layout-requested=false, is-selected=false, layout-params=android.widget.LinearLayout$LayoutParams&#64;b2dcb8d, tag=null, root-is-layout-requested=false, has-input-connection=false, x=18.0, y=0.0, child-count=1}
|
+--------&gt;LinearLayout{id=-1, visibility=VISIBLE, width=628, height=245, has-focus=false, has-focusable=false, has-window-focus=true, is-clickable=false, is-enabled=true, is-focused=false, is-focusable=false, is-layout-requested=false, is-selected=false, layout-params=android.widget.FrameLayout$LayoutParams&#64;292d142, tag=null, root-is-layout-requested=false, has-input-connection=false, x=0.0, y=0.0, child-count=2}
|
+---------&gt;AppCompatImageView{id=2131230966, res-name=iv_min_max, desc=image, visibility=VISIBLE, width=175, height=175, has-focus=false, has-focusable=false, has-window-focus=true, is-clickable=false, is-enabled=true, is-focused=false, is-focusable=false, is-layout-requested=false, is-selected=false, layout-params=android.widget.LinearLayout$LayoutParams&#64;f516553, tag=null, root-is-layout-requested=false, has-input-connection=false, x=35.0, y=35.0}
|
+---------&gt;LinearLayout{id=-1, visibility=VISIBLE, width=348, height=161, has-focus=false, has-focusable=false, has-window-focus=true, is-clickable=false, is-enabled=true, is-focused=false, is-focusable=false, is-layout-requested=false, is-selected=false, layout-params=android.widget.LinearLayout$LayoutParams&#64;3b99e90, tag=null, root-is-layout-requested=false, has-input-connection=false, x=245.0, y=42.0, child-count=2}
|
+----------&gt;AppCompatTextView{id=2131231209, res-name=tv_min, visibility=VISIBLE, width=348, height=85, has-focus=false, has-focusable=false, has-window-focus=true, is-clickable=false, is-enabled=true, is-focused=false, is-focusable=false, is-layout-requested=false, is-selected=false, layout-params=android.widget.LinearLayout$LayoutParams&#64;7b89389, tag=null, root-is-layout-requested=false, has-input-connection=false, x=0.0, y=0.0, text=29°C min, input-type=0, ime-target=false, has-links=false}
|
+----------&gt;AppCompatTextView{id=2131231208, res-name=tv_max, visibility=VISIBLE, width=348, height=76, has-focus=false, has-focusable=false, has-window-focus=true, is-clickable=false, is-enabled=true, is-focused=false, is-focusable=false, is-layout-requested=false, is-selected=false, layout-params=android.widget.LinearLayout$LayoutParams&#64;b80bf8e, tag=null, root-is-layout-requested=false, has-input-connection=false, x=0.0, y=85.0, text=29°C max, input-type=0, ime-target=false, has-links=false}
|
+-------&gt;CardView{id=-1, visibility=VISIBLE, width=628, height=245, has-focus=false, has-focusable=false, has-window-focus=true, is-clickable=false, is-enabled=true, is-focused=false, is-focusable=false, is-layout-requested=false, is-selected=false, layout-params=android.widget.LinearLayout$LayoutParams&#64;60303af, tag=null, root-is-layout-requested=false, has-input-connection=false, x=682.0, y=0.0, child-count=1}
|
+--------&gt;LinearLayout{id=-1, visibility=VISIBLE, width=628, height=245, has-focus=false, has-focusable=false, has-window-focus=true, is-clickable=false, is-enabled=true, is-focused=false, is-focusable=false, is-layout-requested=false, is-selected=false, layout-params=android.widget.FrameLayout$LayoutParams&#64;2c213bc, tag=null, root-is-layout-requested=false, has-input-connection=false, x=0.0, y=0.0, child-count=2}
|
+---------&gt;AppCompatImageView{id=2131230969, res-name=iv_wind, desc=image, visibility=VISIBLE, width=175, height=175, has-focus=false, has-focusable=false, has-window-focus=true, is-clickable=false, is-enabled=true, is-focused=false, is-focusable=false, is-layout-requested=false, is-selected=false, layout-params=android.widget.LinearLayout$LayoutParams&#64;e0ddf45, tag=null, root-is-layout-requested=false, has-input-connection=false, x=35.0, y=35.0}
|
+---------&gt;LinearLayout{id=-1, visibility=VISIBLE, width=348, height=161, has-focus=false, has-focusable=false, has-window-focus=true, is-clickable=false, is-enabled=true, is-focused=false, is-focusable=false, is-layout-requested=false, is-selected=false, layout-params=android.widget.LinearLayout$LayoutParams&#64;a4d469a, tag=null, root-is-layout-requested=false, has-input-connection=false, x=245.0, y=42.0, child-count=2}
|
+----------&gt;AppCompatTextView{id=2131231211, res-name=tv_speed, visibility=VISIBLE, width=348, height=85, has-focus=false, has-focusable=false, has-window-focus=true, is-clickable=false, is-enabled=true, is-focused=false, is-focusable=false, is-layout-requested=false, is-selected=false, layout-params=android.widget.LinearLayout$LayoutParams&#64;3862bcb, tag=null, root-is-layout-requested=false, has-input-connection=false, x=0.0, y=0.0, text=0.89, input-type=0, ime-target=false, has-links=false}
|
+----------&gt;AppCompatTextView{id=2131231212, res-name=tv_speed_unit, visibility=VISIBLE, width=348, height=76, has-focus=false, has-focusable=false, has-window-focus=true, is-clickable=false, is-enabled=true, is-focused=false, is-focusable=false, is-layout-requested=false, is-selected=false, layout-params=android.widget.LinearLayout$LayoutParams&#64;b7aafa8, tag=null, root-is-layout-requested=false, has-input-connection=false, x=0.0, y=85.0, text=miles/hour, input-type=0, ime-target=false, has-links=false}
|
+------&gt;CardView{id=-1, visibility=VISIBLE, width=1292, height=612, has-focus=false, has-focusable=false, has-window-focus=true, is-clickable=false, is-enabled=true, is-focused=false, is-focusable=false, is-layout-requested=false, is-selected=false, layout-params=android.widget.LinearLayout$LayoutParams&#64;8b22ac1, tag=null, root-is-layout-requested=false, has-input-connection=false, x=74.0, y=658.0, child-count=1}
|
+-------&gt;LinearLayout{id=-1, visibility=VISIBLE, width=1292, height=612, has-focus=false, has-focusable=false, has-window-focus=true, is-clickable=false, is-enabled=true, is-focused=false, is-focusable=false, is-layout-requested=false, is-selected=false, layout-params=android.widget.FrameLayout$LayoutParams&#64;f293266, tag=null, root-is-layout-requested=false, has-input-connection=false, x=0.0, y=0.0, child-count=3}
|
+--------&gt;LinearLayout{id=-1, visibility=VISIBLE, width=1222, height=175, has-focus=false, has-focusable=false, has-window-focus=true, is-clickable=false, is-enabled=true, is-focused=false, is-focusable=false, is-layout-requested=false, is-selected=false, layout-params=android.widget.LinearLayout$LayoutParams&#64;2c9b9a7</failure>
  </testcase>
</testsuite>